1.492500000000000000e+04
1.577500000000000000e+04
1.577500000000000000e+04
1.577500000000000000e+04
1.577500000000000000e+04
1.492500000000000000e+04
1.492500000000000000e+04
1.492500000000000000e+04
1.592500000000000000e+04
1.577500000000000000e+04
1.492500000000000000e+04
1.492500000000000000e+04
1.492500000000000000e+04
1.492500000000000000e+04
1.492500000000000000e+04
1.577500000000000000e+04
1.492500000000000000e+04
1.577500000000000000e+04
1.577500000000000000e+04
1.537500000000000000e+04
1.492500000000000000e+04
1.577500000000000000e+04
1.577500000000000000e+04
1.577500000000000000e+04
1.577500000000000000e+04
1.577500000000000000e+04
1.492500000000000000e+04
1.577500000000000000e+04
1.492500000000000000e+04
1.492500000000000000e+04
